<?xml version="1.0" encoding="UTF-8"?>
<testng-results total="1" passed="1" failed="0" skipped="0">
  <reporter-output>
  </reporter-output>
  <suite started-at="2023-06-07T07:32:43Z" name="Default suite" finished-at="2023-06-07T07:32:55Z" duration-ms="12034">
    <groups>
      <group name="SmokeTest">
        <method signature="Daddy.TestCase01()[pri:0, instance:com.example.demo.workDay11.Daddy@7d446ed1]" name="TestCase01" class="com.example.demo.workDay11.Daddy"/>
      </group> <!-- SmokeTest -->
    </groups>
    <test started-at="2023-06-07T07:32:43Z" name="Default test" finished-at="2023-06-07T07:32:55Z" duration-ms="12034">
      <class name="com.example.demo.workDay11.Daddy">
        <test-method is-config="true" signature="starttest()[pri:0, instance:com.example.demo.workDay11.Daddy@7d446ed1]" started-at="2023-06-07T13:02:43Z" name="starttest" finished-at="2023-06-07T13:02:43Z" duration-ms="592" status="PASS">
          <reporter-output>
          </reporter-output>
        </test-method> <!-- starttest -->
        <test-method signature="TestCase01()[pri:0, instance:com.example.demo.workDay11.Daddy@7d446ed1]" started-at="2023-06-07T13:02:43Z" name="TestCase01" finished-at="2023-06-07T13:02:54Z" duration-ms="10635" status="PASS">
          <reporter-output>
          </reporter-output>
        </test-method> <!-- TestCase01 -->
        <test-method is-config="true" signature="getresult(org.testng.ITestResult)[pri:0, instance:com.example.demo.workDay11.Daddy@7d446ed1]" started-at="2023-06-07T13:02:54Z" name="getresult" finished-at="2023-06-07T13:02:54Z" duration-ms="12" status="PASS">
          <params>
            <param index="0">
              <value>
                <![CDATA[[TestResult name=TestCase01 status=SUCCESS method=Daddy.TestCase01()[pri:0, instance:com.example.demo.workDay11.Daddy@7d446ed1] output={null}]]]>
              </value>
            </param>
          </params>
          <reporter-output>
          </reporter-output>
        </test-method> <!-- getresult -->
        <test-method is-config="true" signature="save()[pri:0, instance:com.example.demo.workDay11.Daddy@7d446ed1]" started-at="2023-06-07T13:02:54Z" name="save" finished-at="2023-06-07T13:02:55Z" duration-ms="768" status="PASS">
          <reporter-output>
          </reporter-output>
        </test-method> <!-- save -->
      </class> <!-- com.example.demo.workDay11.Daddy -->
    </test> <!-- Default test -->
  </suite> <!-- Default suite -->
</testng-results>
