<?xml version="1.0" encoding="UTF-8"?>
<!-- Generated by org.testng.reporters.JUnitXMLReporter -->
<testsuite hostname="BharathTharun" failures="1" tests="2" name="Test" time="0.048" errors="0" timestamp="5 Jun 2023 09:10:09 GMT">
  <testcase classname="com.example.demo.workDay9.Day9Five" name="FirstMethod" time="0.019">
    <failure type="junit.framework.AssertionFailedError" message="expected:&amp;lt;true&amp;gt; but was:&amp;lt;false&amp;gt;">
      <![CDATA[junit.framework.AssertionFailedError: expected:<true> but was:<false>
	at junit.framework.Assert.fail(Assert.java:47)
	at junit.framework.Assert.failNotEquals(Assert.java:282)
	at junit.framework.Assert.assertEquals(Assert.java:64)
	at junit.framework.Assert.assertEquals(Assert.java:149)
	at junit.framework.Assert.assertEquals(Assert.java:155)
	at com.example.demo.workDay9.Day9Five.FirstMethod(Day9Five.java:10)
... Removed 24 stack frames]]>
    </failure>
  </testcase> <!-- FirstMethod -->
  <testcase classname="com.example.demo.workDay9.Day9Five" name="SecondMethod" time="0.001"/>
</testsuite> <!-- Test -->
